make all --print-data-base --no-builtin-variables --no-builtin-rules --question
# GNU Make 3.81
# Copyright (C) 2006  Free Software Foundation, Inc.
# This is free software; see the source for copying conditions.
# There is NO warranty; not even for MERCHANTABILITY or FITNESS FOR A
# PARTICULAR PURPOSE.

# This program built for i386-apple-darwin11.3.0

# Make data base, printed on Sat Aug 19 20:25:17 2023

# Variables

# automatic
<D = $(patsubst %/,%,$(dir $<))
# automatic
?F = $(notdir $?)
# environment
ELECTRON_NO_ATTACH_CONSOLE = 1
# makefile (from `Makefile', line 95)
OBJ = $(SRC:.c=.o)
# environment
VSCODE_CRASH_REPORTER_PROCESS_TYPE = extensionHost
# makefile (from `Makefile', line 28)
SRC = main.c parsing/parsing.c parsing/attributes.c parsing/check.c parsing/info.c parsing/map_parse.c parsing/map_check.c minimap/handle_keys.c minimap/map_draw.c minimap/player_draw.c raycasting/ray_cast.c utils/get_color.c utils/error.c utils/matdup.c utils/free.c utils/index_list.c utils/compare.c 
# automatic
?D = $(patsubst %/,%,$(dir $?))
# automatic
@D = $(patsubst %/,%,$(dir $@))
# automatic
@F = $(notdir $@)
# makefile
CURDIR := /Users/azarda/Documents/Cub3d
# makefile
SHELL = /bin/sh
# environment
VSCODE_NLS_CONFIG = {"locale":"en-us","osLocale":"en","availableLanguages":{},"_languagePackSupport":true}
# environment
_ = /usr/bin/make
# makefile (from `Makefile', line 1)
MAKEFILE_LIST :=  Makefile
# environment
VSCODE_CWD = /Users/azarda/Documents
# environment
PATH = /Users/azarda/.brew/bin:/Users/azarda/goinfre/homebrew/bin:/usr/local/bin:/usr/bin:/bin:/usr/sbin:/sbin:/usr/local/munki:/Library/Apple/usr/bin
# environment
LSCOLORS = Gxfxcxdxbxegedabagacad
# environment
LaunchInstanceID = 0D913628-5002-40AA-93AB-C617CD5CBF09
# environment
ELECTRON_RUN_AS_NODE = 1
# makefile (from `Makefile', line 23)
MLXLIB = $(LIBMLX)/build/libmlx42.a
# default
.FEATURES := target-specific order-only second-expansion else-if archives jobserver check-symlink
# environment
LS_COLORS = di=1;36:ln=35:so=32:pi=33:ex=31:bd=34;46:cd=34;43:su=30;41:sg=30;46:tw=30;42:ow=30;43
# makefile (from `Makefile', line 21)
LIBMLX = ./MLX42
# environment
SSH_AUTH_SOCK = /private/tmp/com.apple.launchd.khU5Yt4eNq/Listeners
# automatic
%F = $(notdir $%)
# environment
HOMEBREW_TEMP = /tmp/azarda/Homebrew/Temp
# environment
PWD = /Users/azarda/Documents/Cub3d
# environment
ORIGINAL_XDG_CURRENT_DESKTOP = undefined
# environment
VSCODE_AMD_ENTRYPOINT = vs/workbench/api/node/extensionHostProcess
# environment
HOME = /Users/azarda
# default
MAKEFILEPATH := /Applications/Xcode.app/Contents/Developer/Makefiles
# environment
VSCODE_CLI = 1
# environment
VSCODE_CODE_CACHE_PATH = /Users/azarda/Library/Application Support/Code/CachedData/6c3e3dba23e8fadc360aed75ce363ba185c49794
# environment
LOGNAME = azarda
# environment
APPLICATION_INSIGHTS_NO_DIAGNOSTIC_CHANNEL = 1
# makefile (from `Makefile', line 22)
HEADERS = -I ./include  -I $(LIBMLX)/include
# environment
ZSH = /Users/azarda/.oh-my-zsh
# environment
VSCODE_HANDLES_UNCAUGHT_ERRORS = true
# automatic
^D = $(patsubst %/,%,$(dir $^))
# environment
XPC_FLAGS = 0x0
# default
MAKE = $(MAKE_COMMAND)
# default
MAKECMDGOALS := all
# environment
HOMEBREW_CACHE = /tmp/azarda/Homebrew/Caches
# environment
SHLVL = 3
# makefile (from `Makefile', line 16)
CC = gcc -g
# default
MAKE_VERSION := 3.81
# environment
USER = azarda
# makefile
.DEFAULT_GOAL := all
# makefile (from `Makefile', line 26)
INCLUDE = include/global.h include/cub3d.h include/utils.h include/libft.h
# environment
TERM_SESSION_ID = 151145A8-7CCC-416F-B840-AE6B578CDF56
# makefile (from `Makefile', line 13)
NAME = cub3D
# environment
LESS = -R
# automatic
%D = $(patsubst %/,%,$(dir $%))
# default
MAKE_COMMAND := /Applications/Xcode.app/Contents/Developer/usr/bin/make
# environment
TERM_PROGRAM = Apple_Terminal
# default
.VARIABLES := 
# environment
TMPDIR = /var/folders/zz/zyxvpxvq6csfxvn_n000cftc0033pl/T/
# automatic
*F = $(notdir $*)
# environment
VSCODE_IPC_HOOK = /Users/azarda/Library/Application Support/Code/1.81-main.sock
# environment
MallocNanoZone = 0
# makefile
MAKEFLAGS = Rrqp
# environment
MFLAGS = -Rrqp
# automatic
*D = $(patsubst %/,%,$(dir $*))
# environment
TERM_PROGRAM_VERSION = 433
# environment
XPC_SERVICE_NAME = 0
# automatic
+D = $(patsubst %/,%,$(dir $+))
# automatic
+F = $(notdir $+)
# environment
__CF_USER_TEXT_ENCODING = 0x18ED3:0x0:0x0
# environment
COMMAND_MODE = unix2003
# default
MAKEFILES := 
# automatic
<F = $(notdir $<)
# makefile (from `Makefile', line 18)
FW = 
# environment
PAGER = less
# environment
LC_ALL = C
# makefile (from `Makefile', line 24)
LIBS = $(MLXLIB) -dl -lglfw -L$(shell  brew  --prefix glfw)/lib -pthread -lm
# environment
SECURITYSESSIONID = 186a8
# automatic
^F = $(notdir $^)
# default
SUFFIXES := 
# makefile (from `Makefile', line 19)
FLAGS = $(FW) -fsanitize=address 
# default
.INCLUDE_DIRS = /usr/local/include
# environment
MAKELEVEL := 0
# environment
LANG = C
# environment
TERM = xterm-256color
# environment
VSCODE_PID = 32260
# variable set hash-table stats:
# Load=84/1024=8%, Rehash=0, Collisions=5/117=4%

# Pattern-specific Variable Values

# No pattern-specific variable values.

# Directories

# raycasting (device 16777227, inode 6686943): 3 files, no impossibilities so far.
# utils (device 16777227, inode 6686948): 13 files, no impossibilities so far.
# include (device 16777227, inode 6686874): 6 files, no impossibilities so far.
# . (device 16777227, inode 6686709): 22 files, no impossibilities.
# parsing (device 16777227, inode 6686936): 13 files, no impossibilities so far.
# minimap (device 16777227, inode 6686932): 7 files, no impossibilities so far.

# 64 files, no impossibilities in 6 directories.

# Implicit Rules

%.o: %.c include/global.h include/cub3d.h include/utils.h include/libft.h
#  commands to execute (from `Makefile', line 106):
	$(CC) $(FLAGS) $(HEADERS) -c $< -o $@
	

# 1 implicit rules, 0 (0.0%) terminal.

# Files

parsing/check.o: parsing/check.c include/global.h include/cub3d.h include/utils.h include/libft.h
#  Implicit rule search has been done.
#  Implicit/static pattern stem: `parsing/check'
#  Last modified 2023-08-19 20:24:24
#  File has been updated.
#  Successfully updated.
# variable set hash-table stats:
# Load=0/32=0%, Rehash=0, Collisions=0/0=0%
#  commands to execute (from `Makefile', line 106):
	$(CC) $(FLAGS) $(HEADERS) -c $< -o $@
	

# Not a target:
raycasting/ray_cast.c:
#  Implicit rule search has been done.
#  Last modified 2023-08-19 20:16:23
#  File has been updated.
#  Successfully updated.
# variable set hash-table stats:
# Load=0/32=0%, Rehash=0, Collisions=0/0=0%

# Not a target:
parsing/map_check.c:
#  Implicit rule search has been done.
#  Last modified 2023-08-19 20:16:23
#  File has been updated.
#  Successfully updated.
# variable set hash-table stats:
# Load=0/32=0%, Rehash=0, Collisions=0/0=0%

minimap/player_draw.o: minimap/player_draw.c include/global.h include/cub3d.h include/utils.h include/libft.h
#  Implicit rule search has been done.
#  Implicit/static pattern stem: `minimap/player_draw'
#  Last modified 2023-08-19 20:24:24
#  File has been updated.
#  Successfully updated.
# variable set hash-table stats:
# Load=0/32=0%, Rehash=0, Collisions=0/0=0%
#  commands to execute (from `Makefile', line 106):
	$(CC) $(FLAGS) $(HEADERS) -c $< -o $@
	

# Not a target:
minimap/handle_keys.c:
#  Implicit rule search has been done.
#  Last modified 2023-08-19 20:16:23
#  File has been updated.
#  Successfully updated.
# variable set hash-table stats:
# Load=0/32=0%, Rehash=0, Collisions=0/0=0%

all: cub3D
#  Phony target (prerequisite of .PHONY).
#  Command-line target.
#  Implicit rule search has not been done.
#  File does not exist.
#  File has been updated.
#  Successfully updated.
# variable set hash-table stats:
# Load=0/32=0%, Rehash=0, Collisions=0/0=0%

.PHONY: all clean fclean re
#  Implicit rule search has not been done.
#  Modification time never checked.
#  File has not been updated.

# Not a target:
main.c:
#  Implicit rule search has been done.
#  Last modified 2023-08-19 20:16:23
#  File has been updated.
#  Successfully updated.
# variable set hash-table stats:
# Load=0/32=0%, Rehash=0, Collisions=0/0=0%

 
cub3D: main.o parsing/parsing.o parsing/attributes.o parsing/check.o parsing/info.o parsing/map_parse.o parsing/map_check.o minimap/handle_keys.o minimap/map_draw.o minimap/player_draw.o raycasting/ray_cast.o utils/get_color.o utils/error.o utils/matdup.o utils/free.o utils/index_list.o utils/compare.o MLX42/build/libmlx42.a
#  Implicit rule search has not been done.
#  Last modified 2023-08-19 20:24:25
#  File has been updated.
#  Successfully updated.
# variable set hash-table stats:
# Load=0/32=0%, Rehash=0, Collisions=0/0=0%
#  commands to execute (from `Makefile', line 100):
	$(CC) $(FLAGS) libft/libft.a $(OBJ) $(LIBS) -o $(NAME)
	

# Not a target:
utils/free.c:
#  Implicit rule search has been done.
#  Last modified 2023-08-19 20:16:23
#  File has been updated.
#  Successfully updated.
# variable set hash-table stats:
# Load=0/32=0%, Rehash=0, Collisions=0/0=0%

parsing/info.o: parsing/info.c include/global.h include/cub3d.h include/utils.h include/libft.h
#  Implicit rule search has been done.
#  Implicit/static pattern stem: `parsing/info'
#  Last modified 2023-08-19 20:24:24
#  File has been updated.
#  Successfully updated.
# variable set hash-table stats:
# Load=0/32=0%, Rehash=0, Collisions=0/0=0%
#  commands to execute (from `Makefile', line 106):
	$(CC) $(FLAGS) $(HEADERS) -c $< -o $@
	

# Not a target:
.SUFFIXES:
#  Implicit rule search has not been done.
#  Modification time never checked.
#  File has not been updated.

# Not a target:
include/cub3d.h:
#  Implicit rule search has been done.
#  Last modified 2023-08-19 20:16:23
#  File has been updated.
#  Successfully updated.
# variable set hash-table stats:
# Load=0/32=0%, Rehash=0, Collisions=0/0=0%

# Not a target:
Makefile:
#  Implicit rule search has been done.
#  Last modified 2023-08-19 20:20:32
#  File has been updated.
#  Successfully updated.
# variable set hash-table stats:
# Load=0/32=0%, Rehash=0, Collisions=0/0=0%

# Not a target:
include/global.h:
#  Implicit rule search has been done.
#  Last modified 2023-08-19 20:16:23
#  File has been updated.
#  Successfully updated.
# variable set hash-table stats:
# Load=0/32=0%, Rehash=0, Collisions=0/0=0%

parsing/map_parse.o: parsing/map_parse.c include/global.h include/cub3d.h include/utils.h include/libft.h
#  Implicit rule search has been done.
#  Implicit/static pattern stem: `parsing/map_parse'
#  Last modified 2023-08-19 20:24:24
#  File has been updated.
#  Successfully updated.
# variable set hash-table stats:
# Load=0/32=0%, Rehash=0, Collisions=0/0=0%
#  commands to execute (from `Makefile', line 106):
	$(CC) $(FLAGS) $(HEADERS) -c $< -o $@
	

# Not a target:
utils/index_list.c:
#  Implicit rule search has been done.
#  Last modified 2023-08-19 20:16:23
#  File has been updated.
#  Successfully updated.
# variable set hash-table stats:
# Load=0/32=0%, Rehash=0, Collisions=0/0=0%

# Not a target:
parsing/check.c:
#  Implicit rule search has been done.
#  Last modified 2023-08-19 20:16:23
#  File has been updated.
#  Successfully updated.
# variable set hash-table stats:
# Load=0/32=0%, Rehash=0, Collisions=0/0=0%

utils/compare.o: utils/compare.c include/global.h include/cub3d.h include/utils.h include/libft.h
#  Implicit rule search has been done.
#  Implicit/static pattern stem: `utils/compare'
#  Last modified 2023-08-19 20:24:25
#  File has been updated.
#  Successfully updated.
# variable set hash-table stats:
# Load=0/32=0%, Rehash=0, Collisions=0/0=0%
#  commands to execute (from `Makefile', line 106):
	$(CC) $(FLAGS) $(HEADERS) -c $< -o $@
	

# Not a target:
minimap/player_draw.c:
#  Implicit rule search has been done.
#  Last modified 2023-08-19 20:16:23
#  File has been updated.
#  Successfully updated.
# variable set hash-table stats:
# Load=0/32=0%, Rehash=0, Collisions=0/0=0%

parsing/attributes.o: parsing/attributes.c include/global.h include/cub3d.h include/utils.h include/libft.h
#  Implicit rule search has been done.
#  Implicit/static pattern stem: `parsing/attributes'
#  Last modified 2023-08-19 20:24:24
#  File has been updated.
#  Successfully updated.
# variable set hash-table stats:
# Load=0/32=0%, Rehash=0, Collisions=0/0=0%
#  commands to execute (from `Makefile', line 106):
	$(CC) $(FLAGS) $(HEADERS) -c $< -o $@
	

minimap/map_draw.o: minimap/map_draw.c include/global.h include/cub3d.h include/utils.h include/libft.h
#  Implicit rule search has been done.
#  Implicit/static pattern stem: `minimap/map_draw'
#  Last modified 2023-08-19 20:24:24
#  File has been updated.
#  Successfully updated.
# variable set hash-table stats:
# Load=0/32=0%, Rehash=0, Collisions=0/0=0%
#  commands to execute (from `Makefile', line 106):
	$(CC) $(FLAGS) $(HEADERS) -c $< -o $@
	

fclean: clean
#  Phony target (prerequisite of .PHONY).
#  Implicit rule search has not been done.
#  File does not exist.
#  File has not been updated.
#  commands to execute (from `Makefile', line 112):
	rm -rf $(NAME)
	

utils/error.o: utils/error.c include/global.h include/cub3d.h include/utils.h include/libft.h
#  Implicit rule search has been done.
#  Implicit/static pattern stem: `utils/error'
#  Last modified 2023-08-19 20:24:24
#  File has been updated.
#  Successfully updated.
# variable set hash-table stats:
# Load=0/32=0%, Rehash=0, Collisions=0/0=0%
#  commands to execute (from `Makefile', line 106):
	$(CC) $(FLAGS) $(HEADERS) -c $< -o $@
	

utils/matdup.o: utils/matdup.c include/global.h include/cub3d.h include/utils.h include/libft.h
#  Implicit rule search has been done.
#  Implicit/static pattern stem: `utils/matdup'
#  Last modified 2023-08-19 20:24:24
#  File has been updated.
#  Successfully updated.
# variable set hash-table stats:
# Load=0/32=0%, Rehash=0, Collisions=0/0=0%
#  commands to execute (from `Makefile', line 106):
	$(CC) $(FLAGS) $(HEADERS) -c $< -o $@
	

# Not a target:
parsing/info.c:
#  Implicit rule search has been done.
#  Last modified 2023-08-19 20:16:23
#  File has been updated.
#  Successfully updated.
# variable set hash-table stats:
# Load=0/32=0%, Rehash=0, Collisions=0/0=0%

# Not a target:
.DEFAULT:
#  Implicit rule search has not been done.
#  Modification time never checked.
#  File has not been updated.

utils/get_color.o: utils/get_color.c include/global.h include/cub3d.h include/utils.h include/libft.h
#  Implicit rule search has been done.
#  Implicit/static pattern stem: `utils/get_color'
#  Last modified 2023-08-19 20:24:24
#  File has been updated.
#  Successfully updated.
# variable set hash-table stats:
# Load=0/32=0%, Rehash=0, Collisions=0/0=0%
#  commands to execute (from `Makefile', line 106):
	$(CC) $(FLAGS) $(HEADERS) -c $< -o $@
	

parsing/parsing.o: parsing/parsing.c include/global.h include/cub3d.h include/utils.h include/libft.h
#  Implicit rule search has been done.
#  Implicit/static pattern stem: `parsing/parsing'
#  Last modified 2023-08-19 20:24:24
#  File has been updated.
#  Successfully updated.
# variable set hash-table stats:
# Load=0/32=0%, Rehash=0, Collisions=0/0=0%
#  commands to execute (from `Makefile', line 106):
	$(CC) $(FLAGS) $(HEADERS) -c $< -o $@
	

re: fclean all
#  Phony target (prerequisite of .PHONY).
#  Implicit rule search has not been done.
#  File does not exist.
#  File has not been updated.

raycasting/ray_cast.o: raycasting/ray_cast.c include/global.h include/cub3d.h include/utils.h include/libft.h
#  Implicit rule search has been done.
#  Implicit/static pattern stem: `raycasting/ray_cast'
#  Last modified 2023-08-19 20:24:24
#  File has been updated.
#  Successfully updated.
# variable set hash-table stats:
# Load=0/32=0%, Rehash=0, Collisions=0/0=0%
#  commands to execute (from `Makefile', line 106):
	$(CC) $(FLAGS) $(HEADERS) -c $< -o $@
	

# Not a target:
parsing/map_parse.c:
#  Implicit rule search has been done.
#  Last modified 2023-08-19 20:16:23
#  File has been updated.
#  Successfully updated.
# variable set hash-table stats:
# Load=0/32=0%, Rehash=0, Collisions=0/0=0%

clean:
#  Phony target (prerequisite of .PHONY).
#  Implicit rule search has not been done.
#  File does not exist.
#  File has not been updated.
#  commands to execute (from `Makefile', line 109):
	rm -rf $(OBJ)
	

MLX42/build/libmlx42.a:
 
#  Implicit rule search has not been done.
#  Last modified 2023-08-19 20:17:42
#  File has been updated.
#  Successfully updated.
#  commands to execute (from `Makefile', line 103):
	@cmake $(LIBMLX) -B $(LIBMLX)/build && make -C $(LIBMLX)/build -j4
	

parsing/map_check.o: parsing/map_check.c include/global.h include/cub3d.h include/utils.h include/libft.h
#  Implicit rule search has been done.
#  Implicit/static pattern stem: `parsing/map_check'
#  Last modified 2023-08-19 20:24:24
#  File has been updated.
#  Successfully updated.
# variable set hash-table stats:
# Load=0/32=0%, Rehash=0, Collisions=0/0=0%
#  commands to execute (from `Makefile', line 106):
	$(CC) $(FLAGS) $(HEADERS) -c $< -o $@
	

minimap/handle_keys.o: minimap/handle_keys.c include/global.h include/cub3d.h include/utils.h include/libft.h
#  Implicit rule search has been done.
#  Implicit/static pattern stem: `minimap/handle_keys'
#  Last modified 2023-08-19 20:24:24
#  File has been updated.
#  Successfully updated.
# variable set hash-table stats:
# Load=0/32=0%, Rehash=0, Collisions=0/0=0%
#  commands to execute (from `Makefile', line 106):
	$(CC) $(FLAGS) $(HEADERS) -c $< -o $@
	

# Not a target:
utils/compare.c:
#  Implicit rule search has been done.
#  Last modified 2023-08-19 20:16:23
#  File has been updated.
#  Successfully updated.
# variable set hash-table stats:
# Load=0/32=0%, Rehash=0, Collisions=0/0=0%

# Not a target:
parsing/attributes.c:
#  Implicit rule search has been done.
#  Last modified 2023-08-19 20:16:23
#  File has been updated.
#  Successfully updated.
# variable set hash-table stats:
# Load=0/32=0%, Rehash=0, Collisions=0/0=0%

# Not a target:
minimap/map_draw.c:
#  Implicit rule search has been done.
#  Last modified 2023-08-19 20:16:23
#  File has been updated.
#  Successfully updated.
# variable set hash-table stats:
# Load=0/32=0%, Rehash=0, Collisions=0/0=0%

main.o: main.c include/global.h include/cub3d.h include/utils.h include/libft.h
#  Implicit rule search has been done.
#  Implicit/static pattern stem: `main'
#  Last modified 2023-08-19 20:24:24
#  File has been updated.
#  Successfully updated.
# variable set hash-table stats:
# Load=0/32=0%, Rehash=0, Collisions=0/0=0%
#  commands to execute (from `Makefile', line 106):
	$(CC) $(FLAGS) $(HEADERS) -c $< -o $@
	

utils/free.o: utils/free.c include/global.h include/cub3d.h include/utils.h include/libft.h
#  Implicit rule search has been done.
#  Implicit/static pattern stem: `utils/free'
#  Last modified 2023-08-19 20:24:24
#  File has been updated.
#  Successfully updated.
# variable set hash-table stats:
# Load=0/32=0%, Rehash=0, Collisions=0/0=0%
#  commands to execute (from `Makefile', line 106):
	$(CC) $(FLAGS) $(HEADERS) -c $< -o $@
	

# Not a target:
utils/error.c:
#  Implicit rule search has been done.
#  Last modified 2023-08-19 20:16:23
#  File has been updated.
#  Successfully updated.
# variable set hash-table stats:
# Load=0/32=0%, Rehash=0, Collisions=0/0=0%

# Not a target:
utils/matdup.c:
#  Implicit rule search has been done.
#  Last modified 2023-08-19 20:16:23
#  File has been updated.
#  Successfully updated.
# variable set hash-table stats:
# Load=0/32=0%, Rehash=0, Collisions=0/0=0%

# Not a target:
include/libft.h:
#  Implicit rule search has been done.
#  Last modified 2023-08-19 20:16:23
#  File has been updated.
#  Successfully updated.
# variable set hash-table stats:
# Load=0/32=0%, Rehash=0, Collisions=0/0=0%

# Not a target:
include/utils.h:
#  Implicit rule search has been done.
#  Last modified 2023-08-19 20:16:23
#  File has been updated.
#  Successfully updated.
# variable set hash-table stats:
# Load=0/32=0%, Rehash=0, Collisions=0/0=0%

# Not a target:
utils/get_color.c:
#  Implicit rule search has been done.
#  Last modified 2023-08-19 20:16:23
#  File has been updated.
#  Successfully updated.
# variable set hash-table stats:
# Load=0/32=0%, Rehash=0, Collisions=0/0=0%

# Not a target:
parsing/parsing.c:
#  Implicit rule search has been done.
#  Last modified 2023-08-19 20:16:23
#  File has been updated.
#  Successfully updated.
# variable set hash-table stats:
# Load=0/32=0%, Rehash=0, Collisions=0/0=0%

utils/index_list.o: utils/index_list.c include/global.h include/cub3d.h include/utils.h include/libft.h
#  Implicit rule search has been done.
#  Implicit/static pattern stem: `utils/index_list'
#  Last modified 2023-08-19 20:24:25
#  File has been updated.
#  Successfully updated.
# variable set hash-table stats:
# Load=0/32=0%, Rehash=0, Collisions=0/0=0%
#  commands to execute (from `Makefile', line 106):
	$(CC) $(FLAGS) $(HEADERS) -c $< -o $@
	

# files hash-table stats:
# Load=48/1024=5%, Rehash=0, Collisions=0/274=0%
# VPATH Search Paths

# No `vpath' search paths.

# No general (`VPATH' variable) search path.

# # of strings in strcache: 1
# # of strcache buffers: 1
# strcache size: total = 4096 / max = 4096 / min = 4096 / avg = 4096
# strcache free: total = 4087 / max = 4087 / min = 4087 / avg = 4087

# Finished Make data base on Sat Aug 19 20:25:17 2023

 
